2012-11-18 16:27:35,008 ERROR [main] - org.scala-ide.sdt.core - org.scala-ide.sdt.core - org.scala-ide.sdt.core - 0 - Error in Scala compiler
Java Model Exception: Java Model Status [myFirstApp does not exist]
	at org.eclipse.jdt.internal.core.JavaElement.newNotPresentException(JavaElement.java:495)
	at org.eclipse.jdt.internal.core.JavaModelManager.getPerProjectInfoCheckExistence(JavaModelManager.java:2283)
	at org.eclipse.jdt.internal.core.JavaProject.getPerProjectInfo(JavaProject.java:1905)
	at org.eclipse.jdt.internal.core.JavaProject.getResolvedClasspath(JavaProject.java:1979)
	at scala.tools.eclipse.ScalaProject.sourceOutputFolders(ScalaProject.scala:255)
	at scala.tools.eclipse.buildmanager.sbtintegration.SbtInputs$$anon$3$$anon$1.outputGroups(SbtInputs.scala:41)
	at sbt.CompileSetup$$anon$3.equiv(CompileSetup.scala:32)
	at sbt.CompileSetup$$anon$3.equiv(CompileSetup.scala:29)
	at sbt.CompileSetup$$anon$1.equiv(CompileSetup.scala:21)
	at sbt.CompileSetup$$anon$1.equiv(CompileSetup.scala:19)
	at sbt.compiler.AggressiveCompile.gd1$1(AggressiveCompile.scala:117)
	at sbt.compiler.AggressiveCompile.compile2(AggressiveCompile.scala:116)
	at sbt.compiler.AggressiveCompile.compile1(AggressiveCompile.scala:44)
	at sbt.compiler.AggressiveCompile.apply(AggressiveCompile.scala:31)
	at sbt.compiler.IC$.compile(IncrementalCompiler.scala:20)
	at scala.tools.eclipse.buildmanager.sbtintegration.EclipseSbtBuildManager.runCompiler(EclipseSbtBuildManager.scala:128)
	at scala.tools.eclipse.buildmanager.sbtintegration.EclipseSbtBuildManager.update(EclipseSbtBuildManager.scala:118)
	at scala.tools.eclipse.buildmanager.sbtintegration.EclipseSbtBuildManager.build(EclipseSbtBuildManager.scala:173)
	at scala.tools.eclipse.ScalaProject.build(ScalaProject.scala:597)
	at scala.tools.eclipse.ScalaBuilder.build(ScalaBuilder.scala:114)
	at org.eclipse.core.internal.events.BuildManager$2.run(BuildManager.java:728)
	at org.eclipse.core.runtime.SafeRunner.run(SafeRunner.java:42)
	at org.eclipse.core.internal.events.BuildManager.basicBuild(BuildManager.java:199)
	at org.eclipse.core.internal.events.BuildManager.basicBuild(BuildManager.java:239)
	at org.eclipse.core.internal.events.BuildManager$1.run(BuildManager.java:292)
	at org.eclipse.core.runtime.SafeRunner.run(SafeRunner.java:42)
	at org.eclipse.core.internal.events.BuildManager.basicBuild(BuildManager.java:295)
	at org.eclipse.core.internal.events.BuildManager.basicBuildLoop(BuildManager.java:351)
	at org.eclipse.core.internal.events.BuildManager.build(BuildManager.java:374)
	at org.eclipse.core.internal.events.AutoBuildJob.doBuild(AutoBuildJob.java:143)
	at org.eclipse.core.internal.events.AutoBuildJob.run(AutoBuildJob.java:241)
	at org.eclipse.core.internal.jobs.Worker.run(Worker.java:54)
2012-11-18 16:29:42,695 ERROR [main] - org.scala-ide.sdt.core - org.scala-ide.sdt.core - org.scala-ide.sdt.core - 0 - Error in Scala compiler
Java Model Exception: Java Model Status [myFirstApp does not exist]
	at org.eclipse.jdt.internal.core.JavaElement.newNotPresentException(JavaElement.java:495)
	at org.eclipse.jdt.internal.core.JavaModelManager.getPerProjectInfoCheckExistence(JavaModelManager.java:2283)
	at org.eclipse.jdt.internal.core.JavaProject.getPerProjectInfo(JavaProject.java:1905)
	at org.eclipse.jdt.internal.core.JavaProject.getResolvedClasspath(JavaProject.java:1979)
	at scala.tools.eclipse.ScalaProject.sourceOutputFolders(ScalaProject.scala:255)
	at scala.tools.eclipse.buildmanager.sbtintegration.SbtInputs$$anon$3$$anon$1.outputGroups(SbtInputs.scala:41)
	at sbt.CompileSetup$$anon$3.equiv(CompileSetup.scala:32)
	at sbt.CompileSetup$$anon$3.equiv(CompileSetup.scala:29)
	at sbt.CompileSetup$$anon$1.equiv(CompileSetup.scala:21)
	at sbt.CompileSetup$$anon$1.equiv(CompileSetup.scala:19)
	at sbt.compiler.AggressiveCompile.gd1$1(AggressiveCompile.scala:117)
	at sbt.compiler.AggressiveCompile.compile2(AggressiveCompile.scala:116)
	at sbt.compiler.AggressiveCompile.compile1(AggressiveCompile.scala:44)
	at sbt.compiler.AggressiveCompile.apply(AggressiveCompile.scala:31)
	at sbt.compiler.IC$.compile(IncrementalCompiler.scala:20)
	at scala.tools.eclipse.buildmanager.sbtintegration.EclipseSbtBuildManager.runCompiler(EclipseSbtBuildManager.scala:128)
	at scala.tools.eclipse.buildmanager.sbtintegration.EclipseSbtBuildManager.update(EclipseSbtBuildManager.scala:118)
	at scala.tools.eclipse.buildmanager.sbtintegration.EclipseSbtBuildManager.build(EclipseSbtBuildManager.scala:173)
	at scala.tools.eclipse.ScalaProject.build(ScalaProject.scala:597)
	at scala.tools.eclipse.ScalaBuilder.build(ScalaBuilder.scala:114)
	at org.eclipse.core.internal.events.BuildManager$2.run(BuildManager.java:728)
	at org.eclipse.core.runtime.SafeRunner.run(SafeRunner.java:42)
	at org.eclipse.core.internal.events.BuildManager.basicBuild(BuildManager.java:199)
	at org.eclipse.core.internal.events.BuildManager.basicBuild(BuildManager.java:239)
	at org.eclipse.core.internal.events.BuildManager$1.run(BuildManager.java:292)
	at org.eclipse.core.runtime.SafeRunner.run(SafeRunner.java:42)
	at org.eclipse.core.internal.events.BuildManager.basicBuild(BuildManager.java:295)
	at org.eclipse.core.internal.events.BuildManager.basicBuildLoop(BuildManager.java:351)
	at org.eclipse.core.internal.events.BuildManager.build(BuildManager.java:374)
	at org.eclipse.core.internal.events.AutoBuildJob.doBuild(AutoBuildJob.java:143)
	at org.eclipse.core.internal.events.AutoBuildJob.run(AutoBuildJob.java:241)
	at org.eclipse.core.internal.jobs.Worker.run(Worker.java:54)
2012-11-18 16:31:02,762 ERROR [main] - org.scala-ide.sdt.core - org.scala-ide.sdt.core - org.scala-ide.sdt.core - 0 - Error in Scala compiler
Java Model Exception: Java Model Status [myFirstApp does not exist]
	at org.eclipse.jdt.internal.core.JavaElement.newNotPresentException(JavaElement.java:495)
	at org.eclipse.jdt.internal.core.JavaModelManager.getPerProjectInfoCheckExistence(JavaModelManager.java:2283)
	at org.eclipse.jdt.internal.core.JavaProject.getPerProjectInfo(JavaProject.java:1905)
	at org.eclipse.jdt.internal.core.JavaProject.getResolvedClasspath(JavaProject.java:1979)
	at scala.tools.eclipse.ScalaProject.sourceOutputFolders(ScalaProject.scala:255)
	at scala.tools.eclipse.buildmanager.sbtintegration.SbtInputs$$anon$3$$anon$1.outputGroups(SbtInputs.scala:41)
	at sbt.CompileSetup$$anon$3.equiv(CompileSetup.scala:32)
	at sbt.CompileSetup$$anon$3.equiv(CompileSetup.scala:29)
	at sbt.CompileSetup$$anon$1.equiv(CompileSetup.scala:21)
	at sbt.CompileSetup$$anon$1.equiv(CompileSetup.scala:19)
	at sbt.compiler.AggressiveCompile.gd1$1(AggressiveCompile.scala:117)
	at sbt.compiler.AggressiveCompile.compile2(AggressiveCompile.scala:116)
	at sbt.compiler.AggressiveCompile.compile1(AggressiveCompile.scala:44)
	at sbt.compiler.AggressiveCompile.apply(AggressiveCompile.scala:31)
	at sbt.compiler.IC$.compile(IncrementalCompiler.scala:20)
	at scala.tools.eclipse.buildmanager.sbtintegration.EclipseSbtBuildManager.runCompiler(EclipseSbtBuildManager.scala:128)
	at scala.tools.eclipse.buildmanager.sbtintegration.EclipseSbtBuildManager.update(EclipseSbtBuildManager.scala:118)
	at scala.tools.eclipse.buildmanager.sbtintegration.EclipseSbtBuildManager.build(EclipseSbtBuildManager.scala:173)
	at scala.tools.eclipse.ScalaProject.build(ScalaProject.scala:597)
	at scala.tools.eclipse.ScalaBuilder.build(ScalaBuilder.scala:114)
	at org.eclipse.core.internal.events.BuildManager$2.run(BuildManager.java:728)
	at org.eclipse.core.runtime.SafeRunner.run(SafeRunner.java:42)
	at org.eclipse.core.internal.events.BuildManager.basicBuild(BuildManager.java:199)
	at org.eclipse.core.internal.events.BuildManager.basicBuild(BuildManager.java:239)
	at org.eclipse.core.internal.events.BuildManager$1.run(BuildManager.java:292)
	at org.eclipse.core.runtime.SafeRunner.run(SafeRunner.java:42)
	at org.eclipse.core.internal.events.BuildManager.basicBuild(BuildManager.java:295)
	at org.eclipse.core.internal.events.BuildManager.basicBuildLoop(BuildManager.java:351)
	at org.eclipse.core.internal.events.BuildManager.build(BuildManager.java:374)
	at org.eclipse.core.internal.events.AutoBuildJob.doBuild(AutoBuildJob.java:143)
	at org.eclipse.core.internal.events.AutoBuildJob.run(AutoBuildJob.java:241)
	at org.eclipse.core.internal.jobs.Worker.run(Worker.java:54)
